gps/build/outputs/logs/manifest-merger-debug-report.txt
-- Merging decision tree log ---
manifest
ADDED from src\main\AndroidManifest.xml:17:1-25:12
INJECTED from src\main\AndroidManifest.xml:17:1-25:12
INJECTED from src\main\AndroidManifest.xml:17:1-25:12
	package
		ADDED from src\main\AndroidManifest.xml:18:11-65
		INJECTED from src\main\AndroidManifest.xml
		INJECTED from src\main\AndroidManifest.xml
	xmlns:android
		ADDED from src\main\AndroidManifest.xml:17:11-69
uses-permission#com.google.android.things.permission.USE_PERIPHERAL_IO
ADDED from src\main\AndroidManifest.xml:20:5-93
	android:name
		ADDED from src\main\AndroidManifest.xml:20:22-91
application
ADDED from src\main\AndroidManifest.xml:21:5-24:19
uses-library#com.google.android.things
ADDED from src\main\AndroidManifest.xml:22:9-90
	android:required
		ADDED from src\main\AndroidManifest.xml:22:23-47
	android:name
		ADDED from src\main\AndroidManifest.xml:22:48-88
uses-sdk
INJECTED from src\main\AndroidManifest.xml reason: use-sdk injection requested
INJECTED from src\main\AndroidManifest.xml
INJECTED from src\main\AndroidManifest.xml
INJECTED from src\main\AndroidManifest.xml
INJECTED from src\main\AndroidManifest.xml
	android:targetSdkVersion
		INJECTED from src\main\AndroidManifest.xml
		ADDED from src\main\AndroidManifest.xml
		INJECTED from src\main\AndroidManifest.xml
	android:minSdkVersion
		INJECTED from src\main\AndroidManifest.xml
		ADDED from src\main\AndroidManifest.xml
		INJECTED from src\main\AndroidManifest.xml